\BOOKMARK [0][]{section*.3}{List of Figures}{}
\BOOKMARK [0][]{section*.5}{List of Tables}{}
\BOOKMARK [0][]{chapter.1}{1 Introduction}{}
\BOOKMARK [1][]{section.1.1}{1.1 Prehistory}{chapter.1}
\BOOKMARK [1][]{section.1.2}{1.2 The Current Cosmology Picture}{chapter.1}
\BOOKMARK [1][]{section.1.3}{1.3 Cosmological Observations}{chapter.1}
\BOOKMARK [1][]{section.1.4}{1.4 Numerical Simulations}{chapter.1}
\BOOKMARK [0][]{chapter.2}{2 Theoretical Framework}{}
\BOOKMARK [1][]{section.2.1}{2.1 Isotropic and Homogeneous Universe}{chapter.2}
\BOOKMARK [2][]{subsection.2.1.1}{2.1.1 General Relativity and Friedmann Equations}{section.2.1}
\BOOKMARK [2][]{subsection.2.1.2}{2.1.2 The Perfect Fluid Equations}{section.2.1}
\BOOKMARK [2][]{subsection.2.1.3}{2.1.3 Simple Solutions of the Universe}{section.2.1}
\BOOKMARK [2][]{subsection.2.1.4}{2.1.4 Cosmological Parameters}{section.2.1}
\BOOKMARK [1][]{section.2.2}{2.2 Nonlinear Evolution and Structure Formation}{chapter.2}
\BOOKMARK [1][]{section.2.3}{2.3 Quantification of Cosmological Environment}{chapter.2}
\BOOKMARK [2][]{subsection.2.3.1}{2.3.1 The T-web Method}{section.2.3}
\BOOKMARK [2][]{subsection.2.3.2}{2.3.2 The V-web Method}{section.2.3}
\BOOKMARK [1][]{section.2.4}{2.4 The Local Group}{chapter.2}
\BOOKMARK [0][]{chapter.3}{3 N-Body Simulations and Environment Characterization}{}
\BOOKMARK [1][]{section.3.1}{3.1 N-body Simulations Methods}{chapter.3}
\BOOKMARK [2][]{subsection.3.1.1}{3.1.1 Direct Sum}{section.3.1}
\BOOKMARK [2][]{subsection.3.1.2}{3.1.2 Tree Codes}{section.3.1}
\BOOKMARK [2][]{subsection.3.1.3}{3.1.3 Hidrodynamical and Dark Matter Simulations}{section.3.1}
\BOOKMARK [1][]{section.3.2}{3.2 Types of Simulations}{chapter.3}
\BOOKMARK [2][]{subsection.3.2.1}{3.2.1 Constrained Simulations \(CLUES\)}{section.3.2}
\BOOKMARK [2][]{subsection.3.2.2}{3.2.2 Unconstrained Simulations \(Bolshoi\)}{section.3.2}
\BOOKMARK [1][]{section.3.3}{3.3 Halos Detection and Sample Definitions}{chapter.3}
\BOOKMARK [2][]{subsection.3.3.1}{3.3.1 FOF Method}{section.3.3}
\BOOKMARK [2][]{subsection.3.3.2}{3.3.2 BDM Method}{section.3.3}
\BOOKMARK [2][]{subsection.3.3.3}{3.3.3 Sample of Pairs to Use}{section.3.3}
\BOOKMARK [2][]{subsection.3.3.4}{3.3.4 Pair Finder Method}{section.3.3}
\BOOKMARK [1][]{section.3.4}{3.4 Environment Characterization}{chapter.3}
\BOOKMARK [2][]{subsection.3.4.1}{3.4.1 The T-web Method}{section.3.4}
\BOOKMARK [2][]{subsection.3.4.2}{3.4.2 The V-web Method}{section.3.4}
\BOOKMARK [0][]{chapter.4}{4 Results}{}
\BOOKMARK [1][]{section.4.1}{4.1 Statistical Properties of All Simulations}{chapter.4}
\BOOKMARK [2][]{subsection.4.1.1}{4.1.1 Environment Distributions}{section.4.1}
\BOOKMARK [2][]{subsection.4.1.2}{4.1.2 Halos Distributions}{section.4.1}
\BOOKMARK [1][]{section.4.2}{4.2 Properties of Sample Pairs}{chapter.4}
\BOOKMARK [2][]{subsection.4.2.1}{4.2.1 Statistical Properties of Pairs}{section.4.2}
\BOOKMARK [2][]{subsection.4.2.2}{4.2.2 Angular Momentum and Energy}{section.4.2}
\BOOKMARK [2][]{subsection.4.2.3}{4.2.3 Determination of their Host Environment}{section.4.2}
\BOOKMARK [1][]{section.4.3}{4.3 Correlations Between the Environment and Pairs Properties}{chapter.4}
\BOOKMARK [1][]{section.4.4}{4.4 Orientation of Pairs Angular Momentum}{chapter.4}
\BOOKMARK [0][]{section*.8}{Bibliography}{}
\BOOKMARK [0][]{chapter*.9}{Nomenclature}{}
